Starting Participant#0
Participant#0: Coordinator : Starting to listen on port 19999
Participant#0: Acceptor : Starting to listen on port 20000
Participant#0: Proposer : Requesting new n from driver
Participant#0: Coordinator : Received message: MSG_PROPOSAL;2;1;s
Participant#0: Proposer : Received new n=3from driver
Participant#0: Coordinator : Sending 'MSG_PREPAREREQUEST;2;1' to acceptor#0
Participant#0: Acceptor : Received  message: MSG_PREPAREREQUEST;2;1
Participant#0: Coordinator : Sending 'MSG_PREPAREREQUEST;2;1' to acceptor#1
Participant#0: Acceptor : Sending 'MSG_ACKPREPAREREQUEST;2;1;0;-1;0' to coordinator
Participant#0: Proposer : Sending new proposal (3,n) to coordinator
Participant#0: Coordinator : Sending 'MSG_PREPAREREQUEST;2;1' to acceptor#2
Participant#0: Coordinator : Received message: MSG_PROPOSAL;0;3;n
Participant#0: Coordinator : Sending 'MSG_PREPAREREQUEST;0;3' to acceptor#0
Participant#0: Coordinator : Sending 'MSG_PREPAREREQUEST;0;3' to acceptor#1
Participant#0: Acceptor : Received  message: MSG_PREPAREREQUEST;0;3
Participant#0: Coordinator : Sending 'MSG_PREPAREREQUEST;0;3' to acceptor#2
Participant#0: Coordinator : Received message: MSG_PROPOSAL;1;2;y
Participant#0: Acceptor : Sending 'MSG_ACKPREPAREREQUEST;0;3;0;-1;0' to coordinator
Participant#0: Coordinator : Sending 'MSG_PREPAREREQUEST;1;2' to acceptor#0
Participant#0: Acceptor : Received  message: MSG_PREPAREREQUEST;1;2
Participant#0: Coordinator : Sending 'MSG_PREPAREREQUEST;1;2' to acceptor#1
Participant#0: Coordinator : Sending 'MSG_PREPAREREQUEST;1;2' to acceptor#2
Participant#0: Coordinator : Received message: MSG_ACKPREPAREREQUEST;2;1;0;-1;0
Participant#0: Coordinator : Received message: MSG_ACKPREPAREREQUEST;2;1;1;-1;0
Participant#0: Coordinator : Sending 'MSG_ACCEPT;2;1;s' to acceptor#0
Participant#0: Acceptor : Received  message: MSG_ACCEPT;2;1;s
Participant#0: Coordinator : Sending 'MSG_ACCEPT;2;1;s' to acceptor#1
Participant#0: Coordinator : Received message: MSG_ACKPREPAREREQUEST;0;3;1;-1;0
Participant#0: Coordinator : Received message: MSG_ACKPREPAREREQUEST;2;1;2;-1;0
Participant#0: Coordinator : Sending 'MSG_ACCEPT;2;1;s' to acceptor#0
Participant#0: Acceptor : Received  message: MSG_ACCEPT;2;1;s
Participant#0: Coordinator : Sending 'MSG_ACCEPT;2;1;s' to acceptor#1
Participant#0: Coordinator : Sending 'MSG_ACCEPT;2;1;s' to acceptor#2
Participant#0: Coordinator : Received message: MSG_ACKPREPAREREQUEST;0;3;0;-1;0
Participant#0: Coordinator : Sending 'MSG_ACCEPT;0;3;n' to acceptor#1
Participant#0: Coordinator : Sending 'MSG_ACCEPT;0;3;n' to acceptor#0
Participant#0: Acceptor : Received  message: MSG_ACCEPT;0;3;n
Participant#0: Coordinator : Received message: MSG_ACKPREPAREREQUEST;0;3;2;-1;0
Participant#0: Acceptor : Sending 'MSG_ACKACCEPT;0;0;3;n'to coordinator
Participant#0: Coordinator : Sending 'MSG_ACCEPT;0;3;n' to acceptor#1
Participant#0: Coordinator : Sending 'MSG_ACCEPT;0;3;n' to acceptor#0
Participant#0: Acceptor : Received  message: MSG_ACCEPT;0;3;n
Participant#0: Acceptor : Sending 'MSG_ACKACCEPT;0;0;3;n'to coordinator
Participant#0: Coordinator : Sending 'MSG_ACCEPT;0;3;n' to acceptor#2
Participant#0: Coordinator : Received message: MSG_ACKACCEPT;0;1;3;n
Participant#0: Coordinator : Received message: MSG_ACKACCEPT;0;0;3;n
Participant#0: Coordinator : Majority of acceptors have accepted a value : n
Participant#0: Coordinator : Sending 'MSG_CONSENSUS;n' to participant#0
Participant#0: Proposer : Received from coordinator 'MSG_CONSENSUS;n'
Participant#0: Proposer : Participant has reached a consensus on value: n
Participant#0: Coordinator : Sending 'MSG_CONSENSUS;n' to participant#1
Participant#0: Proposer : Sending consensus information to driver
Participant#0: Coordinator : Sending 'MSG_CONSENSUS;n' to participant#2
Participant#0: Coordinator : Received message: MSG_ACKACCEPT;0;1;3;n
Participant#0: Coordinator : Majority of acceptors have accepted a value : n
Participant#0: Coordinator : Sending 'MSG_CONSENSUS;n' to participant#0
Participant#0: Coordinator : Sending 'MSG_CONSENSUS;n' to participant#1
Participant#0: Coordinator : Sending 'MSG_CONSENSUS;n' to participant#2
Participant#0: Coordinator : Received message: MSG_ACKACCEPT;0;0;3;n
Participant#0: Coordinator : Majority of acceptors have accepted a value : n
Participant#0: Coordinator : Sending 'MSG_CONSENSUS;n' to participant#0
Participant#0: Coordinator : Sending 'MSG_CONSENSUS;n' to participant#1
Participant#0: Coordinator : Sending 'MSG_CONSENSUS;n' to participant#2
Participant#0: Coordinator : Received message: MSG_ACKACCEPT;0;2;3;n
Participant#0: Coordinator : Majority of acceptors have accepted a value : n
Participant#0: Coordinator : Sending 'MSG_CONSENSUS;n' to participant#0
Participant#0: Coordinator : Sending 'MSG_CONSENSUS;n' to participant#1
Participant#0: Coordinator : Sending 'MSG_CONSENSUS;n' to participant#2
