Starting Participant#7
Participant#7: Acceptor : Starting to listen on port 20007
Participant#7: Acceptor : Received  message: MSG_PREPAREREQUEST;0;1
Participant#7: Acceptor : Sending 'MSG_ACKPREPAREREQUEST;0;1;7;-1;0' to coordinator
Participant#7: Proposer : Requesting new n from driver
Participant#7: Proposer : Received new n=3from driver
Participant#7: Proposer : Sending new proposal (3,r) to coordinator
Participant#7: Acceptor : Received  message: MSG_ACCEPT;0;1;s
Participant#7: Acceptor : Sending 'MSG_ACKACCEPT;0;7;1;s'to coordinator
Participant#7: Acceptor : Received  message: MSG_PREPAREREQUEST;4;2
Participant#7: Acceptor : Sending 'MSG_ACKPREPAREREQUEST;4;2;7;1;s' to coordinator
Participant#7: Acceptor : Received  message: MSG_PREPAREREQUEST;7;3
Participant#7: Acceptor : Sending 'MSG_ACKPREPAREREQUEST;7;3;7;1;s' to coordinator
Participant#7: Acceptor : Received  message: MSG_PREPAREREQUEST;5;4
Participant#7: Acceptor : Sending 'MSG_ACKPREPAREREQUEST;5;4;7;1;s' to coordinator
Participant#7: Acceptor : Received  message: MSG_PREPAREREQUEST;3;5
Participant#7: Acceptor : Sending 'MSG_ACKPREPAREREQUEST;3;5;7;1;s' to coordinator
Participant#7: Proposer : Received from coordinator 'MSG_CONSENSUS;s'
Participant#7: Proposer : Participant has reached a consensus on value: s
Participant#7: Proposer : Sending consensus information to driver
