Starting Participant#3
Participant#3: Acceptor : Starting to listen on port 20003
Participant#3: Proposer : Requesting new n from driver
Participant#3: Proposer : Received new n=6from driver
Participant#3: Proposer : Sending new proposal (6,d) to coordinator
Participant#3: Acceptor : Received  message: MSG_PREPAREREQUEST;2;1
Participant#3: Acceptor : Sending 'MSG_ACKPREPAREREQUEST;2;1;3;-1;0' to coordinator
Participant#3: Acceptor : Received  message: MSG_PREPAREREQUEST;0;2
Participant#3: Acceptor : Sending 'MSG_ACKPREPAREREQUEST;0;2;3;-1;0' to coordinator
Participant#3: Acceptor : Received  message: MSG_PREPAREREQUEST;5;3
Participant#3: Acceptor : Sending 'MSG_ACKPREPAREREQUEST;5;3;3;-1;0' to coordinator
Participant#3: Acceptor : Received  message: MSG_PREPAREREQUEST;7;4
Participant#3: Acceptor : Sending 'MSG_ACKPREPAREREQUEST;7;4;3;-1;0' to coordinator
Participant#3: Acceptor : Received  message: MSG_PREPAREREQUEST;4;5
Participant#3: Acceptor : Sending 'MSG_ACKPREPAREREQUEST;4;5;3;-1;0' to coordinator
Participant#3: Acceptor : Received  message: MSG_PREPAREREQUEST;3;6
Participant#3: Acceptor : Sending 'MSG_ACKPREPAREREQUEST;3;6;3;-1;0' to coordinator
Participant#3: Acceptor : Received  message: MSG_ACCEPT;2;1;r
Participant#3: Acceptor : Received  message: MSG_ACCEPT;0;2;r
Participant#3: Acceptor : Received  message: MSG_ACCEPT;5;3;p
Participant#3: Acceptor : Received  message: MSG_ACCEPT;7;4;c
Participant#3: Acceptor : Received  message: MSG_ACCEPT;4;5;h
Participant#3: Acceptor : Received  message: MSG_ACCEPT;3;6;d
Participant#3: Acceptor : Sending 'MSG_ACKACCEPT;3;3;6;d'to coordinator
