Starting Participant#0
Participant#0: Coordinator : Starting to listen on port 19999
Participant#0: Acceptor : Starting to listen on port 20000
Participant#0: Proposer : Requesting new n from driver
Participant#0: Proposer : Received new n=2from driver
Participant#0: Proposer : Sending new proposal (2,r) to coordinator
Participant#0: Coordinator : Received message: MSG_PROPOSAL;2;1;r
Participant#0: Coordinator : Sending 'MSG_PREPAREREQUEST;2;1' to acceptor#0
Participant#0: Acceptor : Received  message: MSG_PREPAREREQUEST;2;1
java.net.ConnectException: Connection refused
	at java.net.PlainSocketImpl.socketConnect(Native Method)
	at java.net.PlainSocketImpl.doConnect(PlainSocketImpl.java:333)
	at java.net.PlainSocketImpl.connectToAddress(PlainSocketImpl.java:195)
	at java.net.PlainSocketImpl.connect(PlainSocketImpl.java:182)
	at java.net.SocksSocketImpl.connect(SocksSocketImpl.java:366)
	at java.net.Socket.connect(Socket.java:507)
	at java.net.Socket.connect(Socket.java:457)
	at java.net.Socket.<init>(Socket.java:365)
	at java.net.Socket.<init>(Socket.java:207)
	at Coordinator.HandleIncomingMsg(Coordinator.java:151)
	at Coordinator.access$400(Coordinator.java:6)
	at Coordinator$CoordThread.run(Coordinator.java:92)
Participant#0: Acceptor : Sending 'MSG_ACKPREPAREREQUEST;2;1;0;-1;0' to coordinator
Participant#0: Coordinator : Sending 'MSG_PREPAREREQUEST;2;1' to acceptor#2
Participant#0: Coordinator : Sending 'MSG_PREPAREREQUEST;2;1' to acceptor#3
Participant#0: Coordinator : Sending 'MSG_PREPAREREQUEST;2;1' to acceptor#4
Participant#0: Coordinator : Sending 'MSG_PREPAREREQUEST;2;1' to acceptor#5
java.net.ConnectException: Connection refused
	at java.net.PlainSocketImpl.socketConnect(Native Method)
	at java.net.PlainSocketImpl.doConnect(PlainSocketImpl.java:333)
	at java.net.PlainSocketImpl.connectToAddress(PlainSocketImpl.java:195)
	at java.net.PlainSocketImpl.connect(PlainSocketImpl.java:182)
	at java.net.SocksSocketImpl.connect(SocksSocketImpl.java:366)
	at java.net.Socket.connect(Socket.java:507)
	at java.net.Socket.connect(Socket.java:457)
	at java.net.Socket.<init>(Socket.java:365)
	at java.net.Socket.<init>(Socket.java:207)
	at Coordinator.HandleIncomingMsg(Coordinator.java:151)
	at Coordinator.access$400(Coordinator.java:6)
	at Coordinator$CoordThread.run(Coordinator.java:92)
Participant#0: Coordinator : Sending 'MSG_PREPAREREQUEST;2;1' to acceptor#7
java.net.ConnectException: Connection refused
	at java.net.PlainSocketImpl.socketConnect(Native Method)
	at java.net.PlainSocketImpl.doConnect(PlainSocketImpl.java:333)
	at java.net.PlainSocketImpl.connectToAddress(PlainSocketImpl.java:195)
	at java.net.PlainSocketImpl.connect(PlainSocketImpl.java:182)
	at java.net.SocksSocketImpl.connect(SocksSocketImpl.java:366)
	at java.net.Socket.connect(Socket.java:507)
	at java.net.Socket.connect(Socket.java:457)
	at java.net.Socket.<init>(Socket.java:365)
	at java.net.Socket.<init>(Socket.java:207)
	at Coordinator.HandleIncomingMsg(Coordinator.java:151)
	at Coordinator.access$400(Coordinator.java:6)
	at Coordinator$CoordThread.run(Coordinator.java:92)
java.net.ConnectException: Connection refused
	at java.net.PlainSocketImpl.socketConnect(Native Method)
	at java.net.PlainSocketImpl.doConnect(PlainSocketImpl.java:333)
	at java.net.PlainSocketImpl.connectToAddress(PlainSocketImpl.java:195)
	at java.net.PlainSocketImpl.connect(PlainSocketImpl.java:182)
	at java.net.SocksSocketImpl.connect(SocksSocketImpl.java:366)
	at java.net.Socket.connect(Socket.java:507)
	at java.net.Socket.connect(Socket.java:457)
	at java.net.Socket.<init>(Socket.java:365)
	at java.net.Socket.<init>(Socket.java:207)
	at Coordinator.HandleIncomingMsg(Coordinator.java:151)
	at Coordinator.access$400(Coordinator.java:6)
	at Coordinator$CoordThread.run(Coordinator.java:92)
Participant#0: Coordinator : Received message: MSG_PROPOSAL;0;2;r
Participant#0: Coordinator : Sending 'MSG_PREPAREREQUEST;0;2' to acceptor#0
Participant#0: Acceptor : Received  message: MSG_PREPAREREQUEST;0;2
java.net.ConnectException: Connection refused
	at java.net.PlainSocketImpl.socketConnect(Native Method)
	at java.net.PlainSocketImpl.doConnect(PlainSocketImpl.java:333)
	at java.net.PlainSocketImpl.connectToAddress(PlainSocketImpl.java:195)
	at java.net.PlainSocketImpl.connect(PlainSocketImpl.java:182)
	at java.net.SocksSocketImpl.connect(SocksSocketImpl.java:366)
	at java.net.Socket.connect(Socket.java:507)
	at java.net.Socket.connect(Socket.java:457)
	at java.net.Socket.<init>(Socket.java:365)
	at java.net.Socket.<init>(Socket.java:207)
	at Coordinator.HandleIncomingMsg(Coordinator.java:151)
	at Coordinator.access$400(Coordinator.java:6)
	at Coordinator$CoordThread.run(Coordinator.java:92)
Participant#0: Acceptor : Sending 'MSG_ACKPREPAREREQUEST;0;2;0;-1;0' to coordinator
Participant#0: Coordinator : Sending 'MSG_PREPAREREQUEST;0;2' to acceptor#2
Participant#0: Coordinator : Sending 'MSG_PREPAREREQUEST;0;2' to acceptor#3
Participant#0: Coordinator : Sending 'MSG_PREPAREREQUEST;0;2' to acceptor#4
Participant#0: Coordinator : Sending 'MSG_PREPAREREQUEST;0;2' to acceptor#5
java.net.ConnectException: Connection refused
	at java.net.PlainSocketImpl.socketConnect(Native Method)
	at java.net.PlainSocketImpl.doConnect(PlainSocketImpl.java:333)
	at java.net.PlainSocketImpl.connectToAddress(PlainSocketImpl.java:195)
	at java.net.PlainSocketImpl.connect(PlainSocketImpl.java:182)
	at java.net.SocksSocketImpl.connect(SocksSocketImpl.java:366)
	at java.net.Socket.connect(Socket.java:507)
	at java.net.Socket.connect(Socket.java:457)
	at java.net.Socket.<init>(Socket.java:365)
	at java.net.Socket.<init>(Socket.java:207)
	at Coordinator.HandleIncomingMsg(Coordinator.java:151)
	at Coordinator.access$400(Coordinator.java:6)
	at Coordinator$CoordThread.run(Coordinator.java:92)
Participant#0: Coordinator : Sending 'MSG_PREPAREREQUEST;0;2' to acceptor#7
java.net.ConnectException: Connection refused
	at java.net.PlainSocketImpl.socketConnect(Native Method)
	at java.net.PlainSocketImpl.doConnect(PlainSocketImpl.java:333)
	at java.net.PlainSocketImpl.connectToAddress(PlainSocketImpl.java:195)
	at java.net.PlainSocketImpl.connect(PlainSocketImpl.java:182)
	at java.net.SocksSocketImpl.connect(SocksSocketImpl.java:366)
	at java.net.Socket.connect(Socket.java:507)
	at java.net.Socket.connect(Socket.java:457)
	at java.net.Socket.<init>(Socket.java:365)
	at java.net.Socket.<init>(Socket.java:207)
	at Coordinator.HandleIncomingMsg(Coordinator.java:151)
	at Coordinator.access$400(Coordinator.java:6)
	at Coordinator$CoordThread.run(Coordinator.java:92)
java.net.ConnectException: Connection refused
	at java.net.PlainSocketImpl.socketConnect(Native Method)
	at java.net.PlainSocketImpl.doConnect(PlainSocketImpl.java:333)
	at java.net.PlainSocketImpl.connectToAddress(PlainSocketImpl.java:195)
	at java.net.PlainSocketImpl.connect(PlainSocketImpl.java:182)
	at java.net.SocksSocketImpl.connect(SocksSocketImpl.java:366)
	at java.net.Socket.connect(Socket.java:507)
	at java.net.Socket.connect(Socket.java:457)
	at java.net.Socket.<init>(Socket.java:365)
	at java.net.Socket.<init>(Socket.java:207)
	at Coordinator.HandleIncomingMsg(Coordinator.java:151)
	at Coordinator.access$400(Coordinator.java:6)
	at Coordinator$CoordThread.run(Coordinator.java:92)
Participant#0: Coordinator : Received message: MSG_PROPOSAL;5;3;p
Participant#0: Coordinator : Sending 'MSG_PREPAREREQUEST;5;3' to acceptor#0
Participant#0: Acceptor : Received  message: MSG_PREPAREREQUEST;5;3
Participant#0: Acceptor : Sending 'MSG_ACKPREPAREREQUEST;5;3;0;-1;0' to coordinator
java.net.ConnectException: Connection refused
	at java.net.PlainSocketImpl.socketConnect(Native Method)
	at java.net.PlainSocketImpl.doConnect(PlainSocketImpl.java:333)
	at java.net.PlainSocketImpl.connectToAddress(PlainSocketImpl.java:195)
	at java.net.PlainSocketImpl.connect(PlainSocketImpl.java:182)
	at java.net.SocksSocketImpl.connect(SocksSocketImpl.java:366)
	at java.net.Socket.connect(Socket.java:507)
	at java.net.Socket.connect(Socket.java:457)
	at java.net.Socket.<init>(Socket.java:365)
	at java.net.Socket.<init>(Socket.java:207)
	at Coordinator.HandleIncomingMsg(Coordinator.java:151)
	at Coordinator.access$400(Coordinator.java:6)
	at Coordinator$CoordThread.run(Coordinator.java:92)
Participant#0: Coordinator : Sending 'MSG_PREPAREREQUEST;5;3' to acceptor#2
Participant#0: Coordinator : Sending 'MSG_PREPAREREQUEST;5;3' to acceptor#3
Participant#0: Coordinator : Sending 'MSG_PREPAREREQUEST;5;3' to acceptor#4
Participant#0: Coordinator : Sending 'MSG_PREPAREREQUEST;5;3' to acceptor#5
java.net.ConnectException: Connection refused
	at java.net.PlainSocketImpl.socketConnect(Native Method)
	at java.net.PlainSocketImpl.doConnect(PlainSocketImpl.java:333)
	at java.net.PlainSocketImpl.connectToAddress(PlainSocketImpl.java:195)
	at java.net.PlainSocketImpl.connect(PlainSocketImpl.java:182)
	at java.net.SocksSocketImpl.connect(SocksSocketImpl.java:366)
	at java.net.Socket.connect(Socket.java:507)
	at java.net.Socket.connect(Socket.java:457)
	at java.net.Socket.<init>(Socket.java:365)
	at java.net.Socket.<init>(Socket.java:207)
	at Coordinator.HandleIncomingMsg(Coordinator.java:151)
	at Coordinator.access$400(Coordinator.java:6)
	at Coordinator$CoordThread.run(Coordinator.java:92)
Participant#0: Coordinator : Sending 'MSG_PREPAREREQUEST;5;3' to acceptor#7
java.net.ConnectException: Connection refused
	at java.net.PlainSocketImpl.socketConnect(Native Method)
	at java.net.PlainSocketImpl.doConnect(PlainSocketImpl.java:333)
	at java.net.PlainSocketImpl.connectToAddress(PlainSocketImpl.java:195)
	at java.net.PlainSocketImpl.connect(PlainSocketImpl.java:182)
	at java.net.SocksSocketImpl.connect(SocksSocketImpl.java:366)
	at java.net.Socket.connect(Socket.java:507)
	at java.net.Socket.connect(Socket.java:457)
	at java.net.Socket.<init>(Socket.java:365)
	at java.net.Socket.<init>(Socket.java:207)
	at Coordinator.HandleIncomingMsg(Coordinator.java:151)
	at Coordinator.access$400(Coordinator.java:6)
	at Coordinator$CoordThread.run(Coordinator.java:92)
java.net.ConnectException: Connection refused
	at java.net.PlainSocketImpl.socketConnect(Native Method)
	at java.net.PlainSocketImpl.doConnect(PlainSocketImpl.java:333)
	at java.net.PlainSocketImpl.connectToAddress(PlainSocketImpl.java:195)
	at java.net.PlainSocketImpl.connect(PlainSocketImpl.java:182)
	at java.net.SocksSocketImpl.connect(SocksSocketImpl.java:366)
	at java.net.Socket.connect(Socket.java:507)
	at java.net.Socket.connect(Socket.java:457)
	at java.net.Socket.<init>(Socket.java:365)
	at java.net.Socket.<init>(Socket.java:207)
	at Coordinator.HandleIncomingMsg(Coordinator.java:151)
	at Coordinator.access$400(Coordinator.java:6)
	at Coordinator$CoordThread.run(Coordinator.java:92)
Participant#0: Coordinator : Received message: MSG_PROPOSAL;7;4;c
Participant#0: Coordinator : Sending 'MSG_PREPAREREQUEST;7;4' to acceptor#0
Participant#0: Acceptor : Received  message: MSG_PREPAREREQUEST;7;4
Participant#0: Acceptor : Sending 'MSG_ACKPREPAREREQUEST;7;4;0;-1;0' to coordinator
java.net.ConnectException: Connection refused
	at java.net.PlainSocketImpl.socketConnect(Native Method)
	at java.net.PlainSocketImpl.doConnect(PlainSocketImpl.java:333)
	at java.net.PlainSocketImpl.connectToAddress(PlainSocketImpl.java:195)
	at java.net.PlainSocketImpl.connect(PlainSocketImpl.java:182)
	at java.net.SocksSocketImpl.connect(SocksSocketImpl.java:366)
	at java.net.Socket.connect(Socket.java:507)
	at java.net.Socket.connect(Socket.java:457)
	at java.net.Socket.<init>(Socket.java:365)
	at java.net.Socket.<init>(Socket.java:207)
	at Coordinator.HandleIncomingMsg(Coordinator.java:151)
	at Coordinator.access$400(Coordinator.java:6)
	at Coordinator$CoordThread.run(Coordinator.java:92)
Participant#0: Coordinator : Sending 'MSG_PREPAREREQUEST;7;4' to acceptor#2
Participant#0: Coordinator : Sending 'MSG_PREPAREREQUEST;7;4' to acceptor#3
Participant#0: Coordinator : Sending 'MSG_PREPAREREQUEST;7;4' to acceptor#4
Participant#0: Coordinator : Sending 'MSG_PREPAREREQUEST;7;4' to acceptor#5
java.net.ConnectException: Connection refused
	at java.net.PlainSocketImpl.socketConnect(Native Method)
	at java.net.PlainSocketImpl.doConnect(PlainSocketImpl.java:333)
	at java.net.PlainSocketImpl.connectToAddress(PlainSocketImpl.java:195)
	at java.net.PlainSocketImpl.connect(PlainSocketImpl.java:182)
	at java.net.SocksSocketImpl.connect(SocksSocketImpl.java:366)
	at java.net.Socket.connect(Socket.java:507)
	at java.net.Socket.connect(Socket.java:457)
	at java.net.Socket.<init>(Socket.java:365)
	at java.net.Socket.<init>(Socket.java:207)
	at Coordinator.HandleIncomingMsg(Coordinator.java:151)
	at Coordinator.access$400(Coordinator.java:6)
	at Coordinator$CoordThread.run(Coordinator.java:92)
Participant#0: Coordinator : Sending 'MSG_PREPAREREQUEST;7;4' to acceptor#7
java.net.ConnectException: Connection refused
	at java.net.PlainSocketImpl.socketConnect(Native Method)
	at java.net.PlainSocketImpl.doConnect(PlainSocketImpl.java:333)
	at java.net.PlainSocketImpl.connectToAddress(PlainSocketImpl.java:195)
	at java.net.PlainSocketImpl.connect(PlainSocketImpl.java:182)
	at java.net.SocksSocketImpl.connect(SocksSocketImpl.java:366)
	at java.net.Socket.connect(Socket.java:507)
	at java.net.Socket.connect(Socket.java:457)
	at java.net.Socket.<init>(Socket.java:365)
	at java.net.Socket.<init>(Socket.java:207)
	at Coordinator.HandleIncomingMsg(Coordinator.java:151)
	at Coordinator.access$400(Coordinator.java:6)
	at Coordinator$CoordThread.run(Coordinator.java:92)
java.net.ConnectException: Connection refused
	at java.net.PlainSocketImpl.socketConnect(Native Method)
	at java.net.PlainSocketImpl.doConnect(PlainSocketImpl.java:333)
	at java.net.PlainSocketImpl.connectToAddress(PlainSocketImpl.java:195)
	at java.net.PlainSocketImpl.connect(PlainSocketImpl.java:182)
	at java.net.SocksSocketImpl.connect(SocksSocketImpl.java:366)
	at java.net.Socket.connect(Socket.java:507)
	at java.net.Socket.connect(Socket.java:457)
	at java.net.Socket.<init>(Socket.java:365)
	at java.net.Socket.<init>(Socket.java:207)
	at Coordinator.HandleIncomingMsg(Coordinator.java:151)
	at Coordinator.access$400(Coordinator.java:6)
	at Coordinator$CoordThread.run(Coordinator.java:92)
Participant#0: Coordinator : Received message: MSG_PROPOSAL;4;5;h
Participant#0: Coordinator : Sending 'MSG_PREPAREREQUEST;4;5' to acceptor#0
Participant#0: Acceptor : Received  message: MSG_PREPAREREQUEST;4;5
java.net.ConnectException: Connection refused
	at java.net.PlainSocketImpl.socketConnect(Native Method)
	at java.net.PlainSocketImpl.doConnect(PlainSocketImpl.java:333)
	at java.net.PlainSocketImpl.connectToAddress(PlainSocketImpl.java:195)
	at java.net.PlainSocketImpl.connect(PlainSocketImpl.java:182)
	at java.net.SocksSocketImpl.connect(SocksSocketImpl.java:366)
	at java.net.Socket.connect(Socket.java:507)
	at java.net.Socket.connect(Socket.java:457)
	at java.net.Socket.<init>(Socket.java:365)
	at java.net.Socket.<init>(Socket.java:207)
	at Coordinator.HandleIncomingMsg(Coordinator.java:151)
	at Coordinator.access$400(Coordinator.java:6)
	at Coordinator$CoordThread.run(Coordinator.java:92)
Participant#0: Acceptor : Sending 'MSG_ACKPREPAREREQUEST;4;5;0;-1;0' to coordinator
Participant#0: Coordinator : Sending 'MSG_PREPAREREQUEST;4;5' to acceptor#2
Participant#0: Coordinator : Sending 'MSG_PREPAREREQUEST;4;5' to acceptor#3
Participant#0: Coordinator : Sending 'MSG_PREPAREREQUEST;4;5' to acceptor#4
Participant#0: Coordinator : Sending 'MSG_PREPAREREQUEST;4;5' to acceptor#5
java.net.ConnectException: Connection refused
	at java.net.PlainSocketImpl.socketConnect(Native Method)
	at java.net.PlainSocketImpl.doConnect(PlainSocketImpl.java:333)
	at java.net.PlainSocketImpl.connectToAddress(PlainSocketImpl.java:195)
	at java.net.PlainSocketImpl.connect(PlainSocketImpl.java:182)
	at java.net.SocksSocketImpl.connect(SocksSocketImpl.java:366)
	at java.net.Socket.connect(Socket.java:507)
	at java.net.Socket.connect(Socket.java:457)
	at java.net.Socket.<init>(Socket.java:365)
	at java.net.Socket.<init>(Socket.java:207)
	at Coordinator.HandleIncomingMsg(Coordinator.java:151)
	at Coordinator.access$400(Coordinator.java:6)
	at Coordinator$CoordThread.run(Coordinator.java:92)
Participant#0: Coordinator : Sending 'MSG_PREPAREREQUEST;4;5' to acceptor#7
java.net.ConnectException: Connection refused
	at java.net.PlainSocketImpl.socketConnect(Native Method)
	at java.net.PlainSocketImpl.doConnect(PlainSocketImpl.java:333)
	at java.net.PlainSocketImpl.connectToAddress(PlainSocketImpl.java:195)
	at java.net.PlainSocketImpl.connect(PlainSocketImpl.java:182)
	at java.net.SocksSocketImpl.connect(SocksSocketImpl.java:366)
	at java.net.Socket.connect(Socket.java:507)
	at java.net.Socket.connect(Socket.java:457)
	at java.net.Socket.<init>(Socket.java:365)
	at java.net.Socket.<init>(Socket.java:207)
	at Coordinator.HandleIncomingMsg(Coordinator.java:151)
	at Coordinator.access$400(Coordinator.java:6)
	at Coordinator$CoordThread.run(Coordinator.java:92)
java.net.ConnectException: Connection refused
	at java.net.PlainSocketImpl.socketConnect(Native Method)
	at java.net.PlainSocketImpl.doConnect(PlainSocketImpl.java:333)
	at java.net.PlainSocketImpl.connectToAddress(PlainSocketImpl.java:195)
	at java.net.PlainSocketImpl.connect(PlainSocketImpl.java:182)
	at java.net.SocksSocketImpl.connect(SocksSocketImpl.java:366)
	at java.net.Socket.connect(Socket.java:507)
	at java.net.Socket.connect(Socket.java:457)
	at java.net.Socket.<init>(Socket.java:365)
	at java.net.Socket.<init>(Socket.java:207)
	at Coordinator.HandleIncomingMsg(Coordinator.java:151)
	at Coordinator.access$400(Coordinator.java:6)
	at Coordinator$CoordThread.run(Coordinator.java:92)
Participant#0: Coordinator : Received message: MSG_PROPOSAL;3;6;d
Participant#0: Coordinator : Sending 'MSG_PREPAREREQUEST;3;6' to acceptor#0
Participant#0: Acceptor : Received  message: MSG_PREPAREREQUEST;3;6
java.net.ConnectException: Connection refused
	at java.net.PlainSocketImpl.socketConnect(Native Method)
	at java.net.PlainSocketImpl.doConnect(PlainSocketImpl.java:333)
	at java.net.PlainSocketImpl.connectToAddress(PlainSocketImpl.java:195)
	at java.net.PlainSocketImpl.connect(PlainSocketImpl.java:182)
	at java.net.SocksSocketImpl.connect(SocksSocketImpl.java:366)
	at java.net.Socket.connect(Socket.java:507)
	at java.net.Socket.connect(Socket.java:457)
	at java.net.Socket.<init>(Socket.java:365)
	at java.net.Socket.<init>(Socket.java:207)
	at Coordinator.HandleIncomingMsg(Coordinator.java:151)
	at Coordinator.access$400(Coordinator.java:6)
	at Coordinator$CoordThread.run(Coordinator.java:92)
Participant#0: Acceptor : Sending 'MSG_ACKPREPAREREQUEST;3;6;0;-1;0' to coordinator
Participant#0: Coordinator : Sending 'MSG_PREPAREREQUEST;3;6' to acceptor#2
Participant#0: Coordinator : Sending 'MSG_PREPAREREQUEST;3;6' to acceptor#3
Participant#0: Coordinator : Sending 'MSG_PREPAREREQUEST;3;6' to acceptor#4
Participant#0: Coordinator : Sending 'MSG_PREPAREREQUEST;3;6' to acceptor#5
java.net.ConnectException: Connection refused
	at java.net.PlainSocketImpl.socketConnect(Native Method)
	at java.net.PlainSocketImpl.doConnect(PlainSocketImpl.java:333)
	at java.net.PlainSocketImpl.connectToAddress(PlainSocketImpl.java:195)
	at java.net.PlainSocketImpl.connect(PlainSocketImpl.java:182)
	at java.net.SocksSocketImpl.connect(SocksSocketImpl.java:366)
	at java.net.Socket.connect(Socket.java:507)
	at java.net.Socket.connect(Socket.java:457)
	at java.net.Socket.<init>(Socket.java:365)
	at java.net.Socket.<init>(Socket.java:207)
	at Coordinator.HandleIncomingMsg(Coordinator.java:151)
	at Coordinator.access$400(Coordinator.java:6)
	at Coordinator$CoordThread.run(Coordinator.java:92)
Participant#0: Coordinator : Sending 'MSG_PREPAREREQUEST;3;6' to acceptor#7
java.net.ConnectException: Connection refused
	at java.net.PlainSocketImpl.socketConnect(Native Method)
	at java.net.PlainSocketImpl.doConnect(PlainSocketImpl.java:333)
	at java.net.PlainSocketImpl.connectToAddress(PlainSocketImpl.java:195)
	at java.net.PlainSocketImpl.connect(PlainSocketImpl.java:182)
	at java.net.SocksSocketImpl.connect(SocksSocketImpl.java:366)
	at java.net.Socket.connect(Socket.java:507)
	at java.net.Socket.connect(Socket.java:457)
	at java.net.Socket.<init>(Socket.java:365)
	at java.net.Socket.<init>(Socket.java:207)
	at Coordinator.HandleIncomingMsg(Coordinator.java:151)
	at Coordinator.access$400(Coordinator.java:6)
	at Coordinator$CoordThread.run(Coordinator.java:92)
java.net.ConnectException: Connection refused
	at java.net.PlainSocketImpl.socketConnect(Native Method)
	at java.net.PlainSocketImpl.doConnect(PlainSocketImpl.java:333)
	at java.net.PlainSocketImpl.connectToAddress(PlainSocketImpl.java:195)
	at java.net.PlainSocketImpl.connect(PlainSocketImpl.java:182)
	at java.net.SocksSocketImpl.connect(SocksSocketImpl.java:366)
	at java.net.Socket.connect(Socket.java:507)
	at java.net.Socket.connect(Socket.java:457)
	at java.net.Socket.<init>(Socket.java:365)
	at java.net.Socket.<init>(Socket.java:207)
	at Coordinator.HandleIncomingMsg(Coordinator.java:151)
	at Coordinator.access$400(Coordinator.java:6)
	at Coordinator$CoordThread.run(Coordinator.java:92)
Participant#0: Coordinator : Received message: MSG_ACKPREPAREREQUEST;2;1;0;-1;0
Participant#0: Coordinator : Received message: MSG_ACKPREPAREREQUEST;2;1;2;-1;0
Participant#0: Coordinator : Received message: MSG_ACKPREPAREREQUEST;2;1;3;-1;0
Participant#0: Coordinator : Received message: MSG_ACKPREPAREREQUEST;2;1;4;-1;0
Participant#0: Coordinator : Received message: MSG_ACKPREPAREREQUEST;2;1;5;-1;0
Participant#0: Coordinator : Received message: MSG_ACKPREPAREREQUEST;2;1;7;-1;0
Participant#0: Coordinator : Sending 'MSG_ACCEPT;2;1;r' to acceptor#0
Participant#0: Acceptor : Received  message: MSG_ACCEPT;2;1;r
Participant#0: Coordinator : Sending 'MSG_ACCEPT;2;1;r' to acceptor#2
Participant#0: Coordinator : Sending 'MSG_ACCEPT;2;1;r' to acceptor#3
Participant#0: Coordinator : Sending 'MSG_ACCEPT;2;1;r' to acceptor#4
Participant#0: Coordinator : Sending 'MSG_ACCEPT;2;1;r' to acceptor#5
Participant#0: Coordinator : Sending 'MSG_ACCEPT;2;1;r' to acceptor#7
Participant#0: Coordinator : Received message: MSG_ACKPREPAREREQUEST;0;2;0;-1;0
Participant#0: Coordinator : Received message: MSG_ACKPREPAREREQUEST;0;2;2;-1;0
Participant#0: Coordinator : Received message: MSG_ACKPREPAREREQUEST;0;2;3;-1;0
Participant#0: Coordinator : Received message: MSG_ACKPREPAREREQUEST;0;2;4;-1;0
Participant#0: Coordinator : Received message: MSG_ACKPREPAREREQUEST;0;2;5;-1;0
Participant#0: Coordinator : Received message: MSG_ACKPREPAREREQUEST;0;2;7;-1;0
Participant#0: Coordinator : Sending 'MSG_ACCEPT;0;2;r' to acceptor#0
Participant#0: Acceptor : Received  message: MSG_ACCEPT;0;2;r
Participant#0: Coordinator : Sending 'MSG_ACCEPT;0;2;r' to acceptor#2
Participant#0: Coordinator : Sending 'MSG_ACCEPT;0;2;r' to acceptor#3
Participant#0: Coordinator : Sending 'MSG_ACCEPT;0;2;r' to acceptor#4
Participant#0: Coordinator : Sending 'MSG_ACCEPT;0;2;r' to acceptor#5
Participant#0: Coordinator : Sending 'MSG_ACCEPT;0;2;r' to acceptor#7
Participant#0: Coordinator : Received message: MSG_ACKPREPAREREQUEST;5;3;0;-1;0
Participant#0: Coordinator : Received message: MSG_ACKPREPAREREQUEST;5;3;2;-1;0
Participant#0: Coordinator : Received message: MSG_ACKPREPAREREQUEST;5;3;3;-1;0
Participant#0: Coordinator : Received message: MSG_ACKPREPAREREQUEST;5;3;4;-1;0
Participant#0: Coordinator : Received message: MSG_ACKPREPAREREQUEST;5;3;5;-1;0
Participant#0: Coordinator : Received message: MSG_ACKPREPAREREQUEST;5;3;7;-1;0
Participant#0: Coordinator : Sending 'MSG_ACCEPT;5;3;p' to acceptor#0
Participant#0: Acceptor : Received  message: MSG_ACCEPT;5;3;p
Participant#0: Coordinator : Sending 'MSG_ACCEPT;5;3;p' to acceptor#2
Participant#0: Coordinator : Sending 'MSG_ACCEPT;5;3;p' to acceptor#3
Participant#0: Coordinator : Sending 'MSG_ACCEPT;5;3;p' to acceptor#4
Participant#0: Coordinator : Sending 'MSG_ACCEPT;5;3;p' to acceptor#5
Participant#0: Coordinator : Sending 'MSG_ACCEPT;5;3;p' to acceptor#7
Participant#0: Coordinator : Received message: MSG_ACKPREPAREREQUEST;7;4;0;-1;0
Participant#0: Coordinator : Received message: MSG_ACKPREPAREREQUEST;7;4;2;-1;0
Participant#0: Coordinator : Received message: MSG_ACKPREPAREREQUEST;7;4;3;-1;0
Participant#0: Coordinator : Received message: MSG_ACKPREPAREREQUEST;7;4;4;-1;0
Participant#0: Coordinator : Received message: MSG_ACKPREPAREREQUEST;7;4;5;-1;0
Participant#0: Coordinator : Received message: MSG_ACKPREPAREREQUEST;7;4;7;-1;0
Participant#0: Coordinator : Sending 'MSG_ACCEPT;7;4;c' to acceptor#0
Participant#0: Acceptor : Received  message: MSG_ACCEPT;7;4;c
Participant#0: Coordinator : Sending 'MSG_ACCEPT;7;4;c' to acceptor#2
Participant#0: Coordinator : Sending 'MSG_ACCEPT;7;4;c' to acceptor#3
Participant#0: Coordinator : Sending 'MSG_ACCEPT;7;4;c' to acceptor#4
Participant#0: Coordinator : Sending 'MSG_ACCEPT;7;4;c' to acceptor#5
Participant#0: Coordinator : Sending 'MSG_ACCEPT;7;4;c' to acceptor#7
Participant#0: Coordinator : Received message: MSG_ACKPREPAREREQUEST;4;5;0;-1;0
Participant#0: Coordinator : Received message: MSG_ACKPREPAREREQUEST;4;5;2;-1;0
Participant#0: Coordinator : Received message: MSG_ACKPREPAREREQUEST;4;5;3;-1;0
Participant#0: Coordinator : Received message: MSG_ACKPREPAREREQUEST;4;5;4;-1;0
Participant#0: Coordinator : Received message: MSG_ACKPREPAREREQUEST;4;5;5;-1;0
Participant#0: Coordinator : Received message: MSG_ACKPREPAREREQUEST;4;5;7;-1;0
Participant#0: Coordinator : Sending 'MSG_ACCEPT;4;5;h' to acceptor#0
Participant#0: Acceptor : Received  message: MSG_ACCEPT;4;5;h
Participant#0: Coordinator : Sending 'MSG_ACCEPT;4;5;h' to acceptor#2
Participant#0: Coordinator : Sending 'MSG_ACCEPT;4;5;h' to acceptor#3
Participant#0: Coordinator : Sending 'MSG_ACCEPT;4;5;h' to acceptor#4
Participant#0: Coordinator : Sending 'MSG_ACCEPT;4;5;h' to acceptor#5
Participant#0: Coordinator : Sending 'MSG_ACCEPT;4;5;h' to acceptor#7
Participant#0: Coordinator : Received message: MSG_ACKPREPAREREQUEST;3;6;0;-1;0
Participant#0: Coordinator : Received message: MSG_ACKPREPAREREQUEST;3;6;2;-1;0
Participant#0: Coordinator : Received message: MSG_ACKPREPAREREQUEST;3;6;3;-1;0
Participant#0: Coordinator : Received message: MSG_ACKPREPAREREQUEST;3;6;4;-1;0
Participant#0: Coordinator : Received message: MSG_ACKPREPAREREQUEST;3;6;5;-1;0
Participant#0: Coordinator : Received message: MSG_ACKPREPAREREQUEST;3;6;7;-1;0
Participant#0: Coordinator : Sending 'MSG_ACCEPT;3;6;d' to acceptor#0
Participant#0: Acceptor : Received  message: MSG_ACCEPT;3;6;d
Participant#0: Coordinator : Sending 'MSG_ACCEPT;3;6;d' to acceptor#2
Participant#0: Acceptor : Sending 'MSG_ACKACCEPT;3;0;6;d'to coordinator
Participant#0: Coordinator : Sending 'MSG_ACCEPT;3;6;d' to acceptor#3
Participant#0: Coordinator : Sending 'MSG_ACCEPT;3;6;d' to acceptor#4
Participant#0: Coordinator : Sending 'MSG_ACCEPT;3;6;d' to acceptor#5
Participant#0: Coordinator : Sending 'MSG_ACCEPT;3;6;d' to acceptor#7
Participant#0: Coordinator : Received message: MSG_ACKACCEPT;3;0;6;d
Participant#0: Coordinator : Received message: MSG_ACKACCEPT;3;2;6;d
Participant#0: Coordinator : Received message: MSG_ACKACCEPT;3;3;6;d
Participant#0: Coordinator : Received message: MSG_ACKACCEPT;3;4;6;d
Participant#0: Coordinator : Received message: MSG_ACKACCEPT;3;5;6;d
Participant#0: Coordinator : Received message: MSG_ACKACCEPT;3;7;6;d
Participant#0: Coordinator : Majority of acceptors have accepted a value : d
Participant#0: Coordinator : Sending 'MSG_CONSENSUS;d' to participant#0
Participant#0: Proposer : Received from coordinator 'MSG_CONSENSUS;d'
Participant#0: Proposer : Participant has reached a consensus on value: d
Participant#0: Proposer : Sending consensus information to driver
