Starting Participant#7
Participant#7: Acceptor : Starting to listen on port 20007
Participant#7: Proposer : Requesting new n from driver
Participant#7: Proposer : Received new n=4from driver
Participant#7: Proposer : Sending new proposal (4,c) to coordinator
Participant#7: Acceptor : Received  message: MSG_PREPAREREQUEST;2;1
Participant#7: Acceptor : Sending 'MSG_ACKPREPAREREQUEST;2;1;7;-1;0' to coordinator
Participant#7: Acceptor : Received  message: MSG_PREPAREREQUEST;0;2
Participant#7: Acceptor : Sending 'MSG_ACKPREPAREREQUEST;0;2;7;-1;0' to coordinator
Participant#7: Acceptor : Received  message: MSG_PREPAREREQUEST;5;3
Participant#7: Acceptor : Sending 'MSG_ACKPREPAREREQUEST;5;3;7;-1;0' to coordinator
Participant#7: Acceptor : Received  message: MSG_PREPAREREQUEST;7;4
Participant#7: Acceptor : Sending 'MSG_ACKPREPAREREQUEST;7;4;7;-1;0' to coordinator
Participant#7: Acceptor : Received  message: MSG_PREPAREREQUEST;4;5
Participant#7: Acceptor : Sending 'MSG_ACKPREPAREREQUEST;4;5;7;-1;0' to coordinator
Participant#7: Acceptor : Received  message: MSG_PREPAREREQUEST;3;6
Participant#7: Acceptor : Sending 'MSG_ACKPREPAREREQUEST;3;6;7;-1;0' to coordinator
Participant#7: Acceptor : Received  message: MSG_ACCEPT;2;1;r
Participant#7: Acceptor : Received  message: MSG_ACCEPT;0;2;r
Participant#7: Acceptor : Received  message: MSG_ACCEPT;5;3;p
Participant#7: Acceptor : Received  message: MSG_ACCEPT;7;4;c
Participant#7: Acceptor : Received  message: MSG_ACCEPT;4;5;h
Participant#7: Acceptor : Received  message: MSG_ACCEPT;3;6;d
Participant#7: Acceptor : Sending 'MSG_ACKACCEPT;3;7;6;d'to coordinator
