Starting Participant#4
Participant#4: Acceptor : Starting to listen on port 20004
Participant#4: Proposer : Requesting new n from driver
Participant#4: Proposer : Received new n=4from driver
Participant#4: Proposer : Sending new proposal (4,x) to coordinator
Participant#4: Acceptor : Received  message: MSG_PREPAREREQUEST;1;1
Participant#4: Acceptor : Sending 'MSG_ACKPREPAREREQUEST;1;1;4;-1;0' to coordinator
Participant#4: Acceptor : Received  message: MSG_PREPAREREQUEST;3;3
Participant#4: Acceptor : Sending 'MSG_ACKPREPAREREQUEST;3;3;4;-1;0' to coordinator
Participant#4: Acceptor : Received  message: MSG_PREPAREREQUEST;2;2
Participant#4: Acceptor : Received  message: MSG_PREPAREREQUEST;4;4
Participant#4: Acceptor : Sending 'MSG_ACKPREPAREREQUEST;4;4;4;-1;0' to coordinator
Participant#4: Acceptor : Received  message: MSG_PREPAREREQUEST;0;5
Participant#4: Acceptor : Sending 'MSG_ACKPREPAREREQUEST;0;5;4;-1;0' to coordinator
Participant#4: Acceptor : Received  message: MSG_ACCEPT;1;1;v
Participant#4: Acceptor : Received  message: MSG_ACCEPT;3;3;w
Participant#4: Acceptor : Received  message: MSG_ACCEPT;4;4;x
Participant#4: Acceptor : Received  message: MSG_ACCEPT;0;5;p
Participant#4: Acceptor : Sending 'MSG_ACKACCEPT;0;4;5;p'to coordinator
Participant#4: Proposer : Received from coordinator 'MSG_CONSENSUS;p'
Participant#4: Proposer : Participant has reached a consensus on value: p
Participant#4: Proposer : Sending consensus information to driver
