Starting Participant#1
Participant#1: Acceptor : Starting to listen on port 20001
Participant#1: Proposer : Requesting new n from driver
Participant#1: Proposer : Received new n=1from driver
Participant#1: Proposer : Sending new proposal (1,v) to coordinator
Participant#1: Acceptor : Received  message: MSG_PREPAREREQUEST;1;1
Participant#1: Acceptor : Sending 'MSG_ACKPREPAREREQUEST;1;1;1;-1;0' to coordinator
Participant#1: Acceptor : Received  message: MSG_PREPAREREQUEST;3;3
Participant#1: Acceptor : Sending 'MSG_ACKPREPAREREQUEST;3;3;1;-1;0' to coordinator
Participant#1: Acceptor : Received  message: MSG_PREPAREREQUEST;2;2
Participant#1: Acceptor : Received  message: MSG_PREPAREREQUEST;4;4
Participant#1: Acceptor : Sending 'MSG_ACKPREPAREREQUEST;4;4;1;-1;0' to coordinator
Participant#1: Acceptor : Received  message: MSG_PREPAREREQUEST;0;5
Participant#1: Acceptor : Sending 'MSG_ACKPREPAREREQUEST;0;5;1;-1;0' to coordinator
Participant#1: Acceptor : Received  message: MSG_ACCEPT;1;1;v
Participant#1: Acceptor : Received  message: MSG_ACCEPT;1;1;v
Participant#1: Acceptor : Received  message: MSG_ACCEPT;1;1;v
Participant#1: Acceptor : Received  message: MSG_ACCEPT;3;3;w
Participant#1: Acceptor : Received  message: MSG_ACCEPT;3;3;w
Participant#1: Acceptor : Received  message: MSG_ACCEPT;3;3;w
Participant#1: Acceptor : Received  message: MSG_ACCEPT;4;4;x
Participant#1: Acceptor : Received  message: MSG_ACCEPT;4;4;x
Participant#1: Acceptor : Received  message: MSG_ACCEPT;4;4;x
Participant#1: Acceptor : Received  message: MSG_ACCEPT;0;5;p
Participant#1: Acceptor : Sending 'MSG_ACKACCEPT;0;1;5;p'to coordinator
Participant#1: Acceptor : Received  message: MSG_ACCEPT;0;5;p
Participant#1: Acceptor : Sending 'MSG_ACKACCEPT;0;1;5;p'to coordinator
Participant#1: Acceptor : Received  message: MSG_ACCEPT;0;5;p
Participant#1: Acceptor : Sending 'MSG_ACKACCEPT;0;1;5;p'to coordinator
Participant#1: Proposer : Received from coordinator 'MSG_CONSENSUS;p'
Participant#1: Proposer : Participant has reached a consensus on value: p
Participant#1: Proposer : Sending consensus information to driver
