Starting Participant#0
Participant#0: Coordinator : Starting to listen on port 19999
Participant#0: Acceptor : Starting to listen on port 20000
Participant#0: Coordinator : Received message: MSG_PROPOSAL;1;1;v
Participant#0: Coordinator : Sending 'MSG_PREPAREREQUEST;1;1' to acceptor#0
Participant#0: Acceptor : Received  message: MSG_PREPAREREQUEST;1;1
Participant#0: Coordinator : Sending 'MSG_PREPAREREQUEST;1;1' to acceptor#1
Participant#0: Proposer : Requesting new n from driver
Participant#0: Acceptor : Sending 'MSG_ACKPREPAREREQUEST;1;1;0;-1;0' to coordinator
Participant#0: Coordinator : Sending 'MSG_PREPAREREQUEST;1;1' to acceptor#2
Participant#0: Proposer : Received new n=5from driver
Participant#0: Proposer : Sending new proposal (5,p) to coordinator
Participant#0: Coordinator : Sending 'MSG_PREPAREREQUEST;1;1' to acceptor#3
Participant#0: Coordinator : Sending 'MSG_PREPAREREQUEST;1;1' to acceptor#4
Participant#0: Coordinator : Received message: MSG_PROPOSAL;3;3;w
Participant#0: Coordinator : Sending 'MSG_PREPAREREQUEST;3;3' to acceptor#0
Participant#0: Acceptor : Received  message: MSG_PREPAREREQUEST;3;3
Participant#0: Acceptor : Sending 'MSG_ACKPREPAREREQUEST;3;3;0;-1;0' to coordinator
Participant#0: Coordinator : Sending 'MSG_PREPAREREQUEST;3;3' to acceptor#1
Participant#0: Coordinator : Sending 'MSG_PREPAREREQUEST;3;3' to acceptor#2
Participant#0: Coordinator : Sending 'MSG_PREPAREREQUEST;3;3' to acceptor#3
Participant#0: Coordinator : Sending 'MSG_PREPAREREQUEST;3;3' to acceptor#4
Participant#0: Coordinator : Received message: MSG_PROPOSAL;2;2;w
Participant#0: Coordinator : Sending 'MSG_PREPAREREQUEST;2;2' to acceptor#0
Participant#0: Acceptor : Received  message: MSG_PREPAREREQUEST;2;2
Participant#0: Coordinator : Sending 'MSG_PREPAREREQUEST;2;2' to acceptor#1
Participant#0: Coordinator : Sending 'MSG_PREPAREREQUEST;2;2' to acceptor#2
Participant#0: Coordinator : Sending 'MSG_PREPAREREQUEST;2;2' to acceptor#3
Participant#0: Coordinator : Sending 'MSG_PREPAREREQUEST;2;2' to acceptor#4
Participant#0: Coordinator : Received message: MSG_ACKPREPAREREQUEST;1;1;1;-1;0
Participant#0: Coordinator : Received message: MSG_ACKPREPAREREQUEST;1;1;0;-1;0
Participant#0: Coordinator : Received message: MSG_PROPOSAL;4;4;x
Participant#0: Coordinator : Sending 'MSG_PREPAREREQUEST;4;4' to acceptor#0
Participant#0: Acceptor : Received  message: MSG_PREPAREREQUEST;4;4
Participant#0: Acceptor : Sending 'MSG_ACKPREPAREREQUEST;4;4;0;-1;0' to coordinator
Participant#0: Coordinator : Sending 'MSG_PREPAREREQUEST;4;4' to acceptor#1
Participant#0: Coordinator : Sending 'MSG_PREPAREREQUEST;4;4' to acceptor#2
Participant#0: Coordinator : Sending 'MSG_PREPAREREQUEST;4;4' to acceptor#3
Participant#0: Coordinator : Sending 'MSG_PREPAREREQUEST;4;4' to acceptor#4
Participant#0: Coordinator : Received message: MSG_PROPOSAL;0;5;p
Participant#0: Coordinator : Sending 'MSG_PREPAREREQUEST;0;5' to acceptor#0
Participant#0: Acceptor : Received  message: MSG_PREPAREREQUEST;0;5
Participant#0: Acceptor : Sending 'MSG_ACKPREPAREREQUEST;0;5;0;-1;0' to coordinator
Participant#0: Coordinator : Sending 'MSG_PREPAREREQUEST;0;5' to acceptor#1
Participant#0: Coordinator : Sending 'MSG_PREPAREREQUEST;0;5' to acceptor#2
Participant#0: Coordinator : Sending 'MSG_PREPAREREQUEST;0;5' to acceptor#3
Participant#0: Coordinator : Sending 'MSG_PREPAREREQUEST;0;5' to acceptor#4
Participant#0: Coordinator : Received message: MSG_ACKPREPAREREQUEST;1;1;2;-1;0
Participant#0: Coordinator : Sending 'MSG_ACCEPT;1;1;v' to acceptor#1
Participant#0: Coordinator : Sending 'MSG_ACCEPT;1;1;v' to acceptor#0
Participant#0: Acceptor : Received  message: MSG_ACCEPT;1;1;v
Participant#0: Coordinator : Sending 'MSG_ACCEPT;1;1;v' to acceptor#2
Participant#0: Coordinator : Received message: MSG_ACKPREPAREREQUEST;1;1;3;-1;0
Participant#0: Coordinator : Sending 'MSG_ACCEPT;1;1;v' to acceptor#1
Participant#0: Coordinator : Sending 'MSG_ACCEPT;1;1;v' to acceptor#0
Participant#0: Acceptor : Received  message: MSG_ACCEPT;1;1;v
Participant#0: Coordinator : Sending 'MSG_ACCEPT;1;1;v' to acceptor#2
Participant#0: Coordinator : Sending 'MSG_ACCEPT;1;1;v' to acceptor#3
Participant#0: Coordinator : Received message: MSG_ACKPREPAREREQUEST;3;3;0;-1;0
Participant#0: Coordinator : Received message: MSG_ACKPREPAREREQUEST;1;1;4;-1;0
Participant#0: Coordinator : Sending 'MSG_ACCEPT;1;1;v' to acceptor#1
Participant#0: Coordinator : Sending 'MSG_ACCEPT;1;1;v' to acceptor#0
Participant#0: Acceptor : Received  message: MSG_ACCEPT;1;1;v
Participant#0: Coordinator : Sending 'MSG_ACCEPT;1;1;v' to acceptor#2
Participant#0: Coordinator : Sending 'MSG_ACCEPT;1;1;v' to acceptor#3
Participant#0: Coordinator : Sending 'MSG_ACCEPT;1;1;v' to acceptor#4
Participant#0: Coordinator : Received message: MSG_ACKPREPAREREQUEST;3;3;1;-1;0
Participant#0: Coordinator : Received message: MSG_ACKPREPAREREQUEST;3;3;2;-1;0
Participant#0: Coordinator : Sending 'MSG_ACCEPT;3;3;w' to acceptor#0
Participant#0: Acceptor : Received  message: MSG_ACCEPT;3;3;w
Participant#0: Coordinator : Sending 'MSG_ACCEPT;3;3;w' to acceptor#1
Participant#0: Coordinator : Sending 'MSG_ACCEPT;3;3;w' to acceptor#2
Participant#0: Coordinator : Received message: MSG_ACKPREPAREREQUEST;3;3;3;-1;0
Participant#0: Coordinator : Sending 'MSG_ACCEPT;3;3;w' to acceptor#0
Participant#0: Acceptor : Received  message: MSG_ACCEPT;3;3;w
Participant#0: Coordinator : Sending 'MSG_ACCEPT;3;3;w' to acceptor#1
Participant#0: Coordinator : Sending 'MSG_ACCEPT;3;3;w' to acceptor#2
Participant#0: Coordinator : Sending 'MSG_ACCEPT;3;3;w' to acceptor#3
Participant#0: Coordinator : Received message: MSG_ACKPREPAREREQUEST;3;3;4;-1;0
Participant#0: Coordinator : Sending 'MSG_ACCEPT;3;3;w' to acceptor#0
Participant#0: Acceptor : Received  message: MSG_ACCEPT;3;3;w
Participant#0: Coordinator : Sending 'MSG_ACCEPT;3;3;w' to acceptor#1
Participant#0: Coordinator : Sending 'MSG_ACCEPT;3;3;w' to acceptor#2
Participant#0: Coordinator : Sending 'MSG_ACCEPT;3;3;w' to acceptor#3
Participant#0: Coordinator : Sending 'MSG_ACCEPT;3;3;w' to acceptor#4
Participant#0: Coordinator : Received message: MSG_ACKPREPAREREQUEST;4;4;0;-1;0
Participant#0: Coordinator : Received message: MSG_ACKPREPAREREQUEST;4;4;1;-1;0
Participant#0: Coordinator : Received message: MSG_ACKPREPAREREQUEST;4;4;2;-1;0
Participant#0: Coordinator : Sending 'MSG_ACCEPT;4;4;x' to acceptor#0
Participant#0: Acceptor : Received  message: MSG_ACCEPT;4;4;x
Participant#0: Coordinator : Sending 'MSG_ACCEPT;4;4;x' to acceptor#1
Participant#0: Coordinator : Sending 'MSG_ACCEPT;4;4;x' to acceptor#2
Participant#0: Coordinator : Received message: MSG_ACKPREPAREREQUEST;4;4;3;-1;0
Participant#0: Coordinator : Sending 'MSG_ACCEPT;4;4;x' to acceptor#0
Participant#0: Acceptor : Received  message: MSG_ACCEPT;4;4;x
Participant#0: Coordinator : Sending 'MSG_ACCEPT;4;4;x' to acceptor#1
Participant#0: Coordinator : Sending 'MSG_ACCEPT;4;4;x' to acceptor#2
Participant#0: Coordinator : Sending 'MSG_ACCEPT;4;4;x' to acceptor#3
Participant#0: Coordinator : Received message: MSG_ACKPREPAREREQUEST;4;4;4;-1;0
Participant#0: Coordinator : Sending 'MSG_ACCEPT;4;4;x' to acceptor#0
Participant#0: Acceptor : Received  message: MSG_ACCEPT;4;4;x
Participant#0: Coordinator : Sending 'MSG_ACCEPT;4;4;x' to acceptor#1
Participant#0: Coordinator : Sending 'MSG_ACCEPT;4;4;x' to acceptor#2
Participant#0: Coordinator : Sending 'MSG_ACCEPT;4;4;x' to acceptor#3
Participant#0: Coordinator : Sending 'MSG_ACCEPT;4;4;x' to acceptor#4
Participant#0: Coordinator : Received message: MSG_ACKPREPAREREQUEST;0;5;0;-1;0
Participant#0: Coordinator : Received message: MSG_ACKPREPAREREQUEST;0;5;1;-1;0
Participant#0: Coordinator : Received message: MSG_ACKPREPAREREQUEST;0;5;2;-1;0
Participant#0: Coordinator : Sending 'MSG_ACCEPT;0;5;p' to acceptor#0
Participant#0: Acceptor : Received  message: MSG_ACCEPT;0;5;p
Participant#0: Acceptor : Sending 'MSG_ACKACCEPT;0;0;5;p'to coordinator
Participant#0: Coordinator : Sending 'MSG_ACCEPT;0;5;p' to acceptor#1
Participant#0: Coordinator : Sending 'MSG_ACCEPT;0;5;p' to acceptor#2
Participant#0: Coordinator : Received message: MSG_ACKPREPAREREQUEST;0;5;3;-1;0
Participant#0: Coordinator : Sending 'MSG_ACCEPT;0;5;p' to acceptor#0
Participant#0: Acceptor : Received  message: MSG_ACCEPT;0;5;p
Participant#0: Acceptor : Sending 'MSG_ACKACCEPT;0;0;5;p'to coordinator
Participant#0: Coordinator : Sending 'MSG_ACCEPT;0;5;p' to acceptor#1
Participant#0: Coordinator : Sending 'MSG_ACCEPT;0;5;p' to acceptor#2
Participant#0: Coordinator : Sending 'MSG_ACCEPT;0;5;p' to acceptor#3
Participant#0: Coordinator : Received message: MSG_ACKPREPAREREQUEST;0;5;4;-1;0
Participant#0: Coordinator : Sending 'MSG_ACCEPT;0;5;p' to acceptor#0
Participant#0: Acceptor : Received  message: MSG_ACCEPT;0;5;p
Participant#0: Acceptor : Sending 'MSG_ACKACCEPT;0;0;5;p'to coordinator
Participant#0: Coordinator : Sending 'MSG_ACCEPT;0;5;p' to acceptor#1
Participant#0: Coordinator : Sending 'MSG_ACCEPT;0;5;p' to acceptor#2
Participant#0: Coordinator : Sending 'MSG_ACCEPT;0;5;p' to acceptor#3
Participant#0: Coordinator : Sending 'MSG_ACCEPT;0;5;p' to acceptor#4
Participant#0: Coordinator : Received message: MSG_ACKACCEPT;0;0;5;p
Participant#0: Coordinator : Received message: MSG_ACKACCEPT;0;1;5;p
Participant#0: Coordinator : Received message: MSG_ACKACCEPT;0;2;5;p
Participant#0: Coordinator : Majority of acceptors have accepted a value : p
Participant#0: Coordinator : Sending 'MSG_CONSENSUS;p' to participant#0
Participant#0: Coordinator : Sending 'MSG_CONSENSUS;p' to participant#1
Participant#0: Proposer : Received from coordinator 'MSG_CONSENSUS;p'
Participant#0: Coordinator : Sending 'MSG_CONSENSUS;p' to participant#2
Participant#0: Coordinator : Sending 'MSG_CONSENSUS;p' to participant#3
Participant#0: Proposer : Participant has reached a consensus on value: p
Participant#0: Proposer : Sending consensus information to driver
Participant#0: Coordinator : Sending 'MSG_CONSENSUS;p' to participant#4
