Starting Participant#3
Participant#3: Acceptor : Starting to listen on port 20003
Participant#3: Acceptor : Received  message: MSG_PREPAREREQUEST;2;1
Participant#3: Proposer : Requesting new n from driver
Participant#3: Proposer : Received new n=2from driver
Participant#3: Acceptor : Sending 'MSG_ACKPREPAREREQUEST;2;1;3;-1;0' to coordinator
Participant#3: Proposer : Sending new proposal (2,j) to coordinator
Participant#3: Acceptor : Received  message: MSG_PREPAREREQUEST;3;2
Participant#3: Acceptor : Sending 'MSG_ACKPREPAREREQUEST;3;2;3;-1;0' to coordinator
Participant#3: Acceptor : Received  message: MSG_PREPAREREQUEST;6;3
Participant#3: Acceptor : Sending 'MSG_ACKPREPAREREQUEST;6;3;3;-1;0' to coordinator
Participant#3: Acceptor : Received  message: MSG_ACCEPT;2;1;p
Participant#3: Acceptor : Received  message: MSG_PREPAREREQUEST;7;4
Participant#3: Acceptor : Sending 'MSG_ACKPREPAREREQUEST;7;4;3;-1;0' to coordinator
Participant#3: Acceptor : Received  message: MSG_ACCEPT;3;2;j
Participant#3: Acceptor : Received  message: MSG_PREPAREREQUEST;0;5
Participant#3: Acceptor : Sending 'MSG_ACKPREPAREREQUEST;0;5;3;-1;0' to coordinator
Participant#3: Acceptor : Received  message: MSG_ACCEPT;6;3;b
Participant#3: Acceptor : Received  message: MSG_ACCEPT;7;4;q
Participant#3: Acceptor : Received  message: MSG_ACCEPT;0;5;t
Participant#3: Acceptor : Sending 'MSG_ACKACCEPT;0;3;5;t'to coordinator
Participant#3: Proposer : Received from coordinator 'MSG_CONSENSUS;t'
Participant#3: Proposer : Participant has reached a consensus on value: t
Participant#3: Proposer : Sending consensus information to driver
