Starting Participant#2
Participant#2: Acceptor : Starting to listen on port 20002
Participant#2: Proposer : Requesting new n from driver
Participant#2: Proposer : Received new n=1from driver
Participant#2: Proposer : Sending new proposal (1,p) to coordinator
Participant#2: Acceptor : Received  message: MSG_PREPAREREQUEST;2;1
Participant#2: Acceptor : Sending 'MSG_ACKPREPAREREQUEST;2;1;2;-1;0' to coordinator
Participant#2: Acceptor : Received  message: MSG_PREPAREREQUEST;3;2
Participant#2: Acceptor : Sending 'MSG_ACKPREPAREREQUEST;3;2;2;-1;0' to coordinator
Participant#2: Acceptor : Received  message: MSG_PREPAREREQUEST;6;3
Participant#2: Acceptor : Sending 'MSG_ACKPREPAREREQUEST;6;3;2;-1;0' to coordinator
Participant#2: Acceptor : Received  message: MSG_ACCEPT;2;1;p
Participant#2: Acceptor : Received  message: MSG_PREPAREREQUEST;7;4
Participant#2: Acceptor : Sending 'MSG_ACKPREPAREREQUEST;7;4;2;-1;0' to coordinator
Participant#2: Acceptor : Received  message: MSG_ACCEPT;3;2;j
Participant#2: Acceptor : Received  message: MSG_PREPAREREQUEST;0;5
Participant#2: Acceptor : Sending 'MSG_ACKPREPAREREQUEST;0;5;2;-1;0' to coordinator
Participant#2: Acceptor : Received  message: MSG_ACCEPT;6;3;b
Participant#2: Acceptor : Received  message: MSG_ACCEPT;7;4;q
Participant#2: Acceptor : Received  message: MSG_ACCEPT;0;5;t
Participant#2: Acceptor : Sending 'MSG_ACKACCEPT;0;2;5;t'to coordinator
Participant#2: Proposer : Received from coordinator 'MSG_CONSENSUS;t'
Participant#2: Proposer : Participant has reached a consensus on value: t
Participant#2: Proposer : Sending consensus information to driver
